Run Specifications:
   Sym build 705 (2018/08/16)
   Target language: tablo
   Source file: openigem.sym
   Source file: sets.sym
   Source file: variables.sym
   Source file: parameters.sym
   Source file: producer.sym
   Source file: household.sym

Intertemporal Details:

   Longest lag is 0; longest lead is 1.
   Target language requires time sets.
   Time subsets used: time_p0m1.

Sets:

   buy
      Domestic buyers 
         i01,i02,i03,i04,i05,i06,i07,i08,i09,i10,i11,i12,i13,i14,i15,
         i16,i17,i18,i19,i20,i21,i22,i23,i24,i25,i26,i27,i28,i29,i30,
         i31,i32,i33,i34,i35,i36,con,inv,gov

   com
      IGEM Commodities 
         c01,c02,c03,c04,c05,c06,c07,c08,c09,c10,c11,c12,c13,c14,c15,
         c16,c17,c18,c19,c20,c21,c22,c23,c24,c25,c26,c27,c28,c29,c30,
         c31,c32,c33,c34,c35,c36

   hh_cg
      Clothing & footwear, Recreational goods, Reading materials,
                                      and Household & personal goods 
         n02,n06,n09,hpg

   hh_cmm
      Telecommunications, Postal and delivery 
         n26,n27

   hh_cs
      Medical, Finance, Household operation, and Recreation aggregates 
         md,fb,ho,rc

   hh_edn
      Education, Non-profit consumption 
         n28,n34

   hh_en
      Gasoline, Other household fuel 
         n03,n04

   hh_ens
      Electricity, Gas 
         n12,n13

   hh_f
      Non-durable goods, Consumer capital services and Consumer services aggregates
                                     plus leisure 
         nd,ks,cs,r

   hh_fb
      Financial services, Life insurance, Business services 
         n22,n23,n29

   hh_ho
      Owner maintenance, Education aggregate, Utilities aggregate, Transportation aggregate 
         n35,edn,ups,trc

   hh_hpg
      Household goods, Personal care products 
         n07,n08

   hh_hps
      Personal services, Social services, Household services 
         n30,n31,n32

   hh_ks
      Rental, Household capital flow 
         n10,n36

   hh_md
      Health care, Health insurance 
         n14,n24

   hh_nd
      Food and tobacco, Pharmaceuticals, Energy aggregate, Consumer goods aggregate 
         n01,n05,en,cg

   hh_rc
      Meals, Recreational services aggregate, Travel aggregate 
         n20,rcs,trv

   hh_rcs
      Sports and theaters, Video and IT services, Gambling 
         n17,n18,n19

   hh_trc
      Own transportation, Transportation, Vehicle insurance, Communications aggregate 
         n15,n16,n25,cmm

   hh_trv
      Hotels, Foreign travel 
         n21,n33

   hh_ups
      Water, Energy utilities aggregate, Household and personal services aggregate 
         n11,ens,hps

   ind
      IGEM Industries 
         i01,i02,i03,i04,i05,i06,i07,i08,i09,i10,i11,i12,i13,i14,i15,
         i16,i17,i18,i19,i20,i21,i22,i23,i24,i25,i26,i27,i28,i29,i30,
         i31,i32,i33,i34,i35,i36

   inp_bl
      Water and wastewater, Construction, Real estate and leasing 
         c08,c09,c31

   inp_ene
      Electric utilities and Fossil fuels aggregate 
         c06,ff

   inp_eq
      Machinery, IT equip, Electrical equip, Transportation equip 
         c14,c15,c16,tr

   inp_ff
      Coal mining and Oil and Gas aggregates 
         c04,oil,gas

   inp_gas
      Gas mining and Natural gas distribution 
         c03,c07

   inp_ma
      Agriculture, Wood and products, Food et al, Textiles et al 
         c01,c10,c20,c21

   inp_mat
      Agriculture, Metrals, Non-metals and Services aggregates 
         ma,mm,mn,ms

   inp_mm
      Non-energy mining, Primary and Fabricated metals, Equipment aggregate 
         c05,c12,c13,eq

   inp_mn
      Non-metal minerals, Misc mfg, Printing, Chemicals et al 
         c11,c19,c22,c24

   inp_ms
      Business services, Trade and transportation, Other services aggregate 
         c32,tt,sv

   inp_o
      Capital, labor, energy, materials, klem in output o 
         kap,lab,ene,mat

   inp_ob
      Publishing et al, Software and IT, Finance and insurance 
         c28,c29,c30

   inp_oil
      Oil mining and Petroleum and coal products 
         c02,c23

   inp_os
      Education, Health, Accommodation, Other government 
         c33,c34,c35,c36

   inp_sv
      Services 
         bl,ob,os

   inp_tr
      Motor vehicles and parts, Other trans equip 
         c17,c18

   inp_tt
      Wholesale and Retail trade, Transportation and warehousing 
         c25,c26,c27

   inputs
      Producer commodities and tiers, io 
         c01,c02,c03,c04,c05,c06,c07,c08,c09,c10,c11,c12,c13,c14,c15,
         c16,c17,c18,c19,c20,c21,c22,c23,c24,c25,c26,c27,c28,c29,c30,
         c31,c32,c33,c34,c35,c36,kap,lab,os,ob,bl,tt,tr,mn,ma,gas,oil,
         sv,eq,ms,mm,ff,mat,ene

   NATTR
      Demographic attributes 
         at1,at2,at3,at4,at5,at6,at7,at8,at9,at10,at11

   NCOM_K
      com plus capital 
         c01,c02,c03,c04,c05,c06,c07,c08,c09,c10,c11,c12,c13,c14,c15,
         c16,c17,c18,c19,c20,c21,c22,c23,c24,c25,c26,c27,c28,c29,c30,
         c31,c32,c33,c34,c35,c36,kap

   NIND_C
      ind plus consumption 
         i01,i02,i03,i04,i05,i06,i07,i08,i09,i10,i11,i12,i13,i14,i15,
         i16,i17,i18,i19,i20,i21,i22,i23,i24,i25,i26,i27,i28,i29,i30,
         i31,i32,i33,i34,i35,i36,con

   NINP
      com plus capital and labor 
         c01,c02,c03,c04,c05,c06,c07,c08,c09,c10,c11,c12,c13,c14,c15,
         c16,c17,c18,c19,c20,c21,c22,c23,c24,c25,c26,c27,c28,c29,c30,
         c31,c32,c33,c34,c35,c36,kap,lab

   nipa
      NIPA Commodities 
         n01,n02,n03,n04,n05,n06,n07,n08,n09,n10,n11,n12,n13,n14,n15,
         n16,n17,n18,n19,n20,n21,n22,n23,n24,n25,n26,n27,n28,n29,n30,
         n31,n32,n33,n34,n35,n36

   nleis
      NIPA commodities plus leisure (r) 
         n01,n02,n03,n04,n05,n06,n07,n08,n09,n10,n11,n12,n13,n14,n15,
         n16,n17,n18,n19,n20,n21,n22,n23,n24,n25,n26,n27,n28,n29,n30,
         n31,n32,n33,n34,n35,n36,r

   ntoth
      Household commodities and tiers, nipa 
         n01,n02,n03,n04,n05,n06,n07,n08,n09,n10,n11,n12,n13,n14,n15,
         n16,n17,n18,n19,n20,n21,n22,n23,n24,n25,n26,n27,n28,n29,n30,
         n31,n32,n33,n34,n35,n36,r,cmm,hps,ens,trv,rcs,edn,hpg,fb,md,
         en,ks,trc,ups,rc,ho,cg,cs,nd

   NUSES
      Commodity transactions - interindustry and final demand 
         i01,i02,i03,i04,i05,i06,i07,i08,i09,i10,i11,i12,i13,i14,i15,
         i16,i17,i18,i19,i20,i21,i22,i23,i24,i25,i26,i27,i28,i29,i30,
         i31,i32,i33,i34,i35,i36,con,inv,gov,xpt,imp

   NXTR
      Externalities 
         ex1,ex2,ex3,ex4,ex5,ex6,ex7,ex8,ex9,ex10,ex11,ex12,ex13,ex14,
         ex15,ex16,ex17,ex18,ex19,ex20

   p_bl
      Input prices, bl 
         c08,c09,c31

   p_cg
      Household prices, cg 
         n02,n06,n09,hpg

   p_cmm
      Household prices, cmm 
         n26,n27

   p_cs
      Household prices, cs 
         md,fb,ho,rc

   p_edn
      Household prices, edn 
         n28,n34

   p_en
      Household prices, en 
         n03,n04

   p_ene
      Input prices, ene 
         c06,ff

   p_ens
      Household prices, ens 
         n12,n13

   p_eq
      Input prices, eq 
         c14,c15,c16,tr

   p_f
      Household prices, f 
         nd,ks,cs,r

   p_fb
      Household prices, fb 
         n22,n23,n29

   p_ff
      Input prices, ff 
         c04,oil,gas

   p_gas
      Input prices, gas 
         c03,c07

   p_ho
      Household prices, ho 
         n35,edn,ups,trc

   p_hpg
      Household prices, hpg 
         n07,n08

   p_hps
      Household prices, hps 
         n30,n31,n32

   p_ks
      Household prices, ks 
         n10,n36

   p_ma
      input prices, ma 
         c01,c10,c20,c21

   p_mat
      Input prices, mat 
         ma,mm,mn,ms

   p_md
      Household prices, md 
         n14,n24

   p_mm
      Input prices, mm 
         c05,c12,c13,eq

   p_mn
      input prices, mn 
         c11,c19,c22,c24

   p_ms
      Input prices, ms 
         c32,tt,sv

   p_nd
      Household prices, nd 
         n01,n05,en,cg

   p_o
      Input prices, klem in o 
         kap,lab,ene,mat

   p_ob
      Input prices, ob 
         c28,c29,c30

   p_oil
      Input prices, oil ; 
         c02,c23

   p_os
      Input prices, os 
         c33,c34,c35,c36

   p_rc
      Household prices, rc 
         n20,rcs,trv

   p_rcs
      Household prices, rcs 
         n17,n18,n19

   p_sv
      Input prices, sv 
         bl,ob,os

   p_tr
      input prices, tr 
         c17,c18

   p_trc
      Household prices, trc 
         n15,n16,n25,cmm

   p_trv
      Household prices, trv 
         n21,n33

   p_tt
      input prices, tt 
         c25,c26,c27

   p_ups
      Household prices, ups 
         n11,ens,hps

   s_bl
      Input shares, bl 
         c08,c09,c31

   s_cg
      Household shares, cg 
         n02,n06,n09,hpg

   s_cmm
      Household shares, cmm 
         n26,n27

   s_cs
      Household shares, cs 
         md,fb,ho,rc

   s_edn
      Household shares, edn 
         n28,n34

   s_en
      Household shares, en 
         n03,n04

   s_ene
      Input shares, ene 
         c06,ff

   s_ens
      Household shares, ens 
         n12,n13

   s_eq
      Input shares, eq 
         c14,c15,c16,tr

   s_f
      Household shares, f 
         nd,ks,cs,r

   s_fb
      Household shares, fb 
         n22,n23,n29

   s_ff
      Input shares, ff 
         c04,oil,gas

   s_gas
      Input shares, gas 
         c03,c07

   s_ho
      Household shares, ho 
         n35,edn,ups,trc

   s_hpg
      Household shares, hpg 
         n07,n08

   s_hps
      Household shares, hps 
         n30,n31,n32

   s_ks
      Household shares, ks 
         n10,n36

   s_ma
      Input shares, ma 
         c01,c10,c20,c21

   s_mat
      Input shares, mat 
         ma,mm,mn,ms

   s_md
      Household shares, md 
         n14,n24

   s_mm
      Input shares, mm 
         c05,c12,c13,eq

   s_mn
      Input shares, mn 
         c11,c19,c22,c24

   s_ms
      Input shares, ms 
         c32,tt,sv

   s_nd
      Household shares, nd 
         n01,n05,en,cg

   s_o
      Input shares, klem in o 
         kap,lab,ene,mat

   s_ob
      Input shares, ob 
         c28,c29,c30

   s_oil
      Input shares, oil 
         c02,c23

   s_os
      Input shares, os 
         c33,c34,c35,c36

   s_rc
      Household shares, rc 
         n20,rcs,trv

   s_rcs
      Household shares, rcs 
         n17,n18,n19

   s_sv
      Input shares, sv 
         bl,ob,os

   s_tr
      Input shares, tr 
         c17,c18

   s_trc
      Household shares, trc 
         n15,n16,n25,cmm

   s_trv
      Household shares, trv 
         n21,n33

   s_tt
      Input shares, tt 
         c25,c26,c27

   s_ups
      Household shares, ups 
         n11,ens,hps

   time
      Time periods 
         p0,p1

   time_p0m1
      where lead=1 exists 
         p0


Parameters:

   ah_cg
      Household shares at unit prices, cg 
         s_cg

   ah_cmm
      Household shares at unit prices, cmm 
         s_cmm

   ah_cs
      Household shares at unit prices, cs 
         s_cs

   ah_edn
      Household shares at unit prices, edn 
         s_edn

   ah_en
      Household shares at unit prices, en 
         s_en

   ah_ens
      Household shares at unit prices, ens 
         s_ens

   ah_f
      Household shares at unit prices, f 
         s_f

   ah_fb
      Household shares at unit prices, fb 
         s_fb

   ah_ho
      Household shares at unit prices, ho 
         s_ho

   ah_hpg
      Household shares at unit prices, hpg 
         s_hpg

   ah_hps
      Household shares at unit prices, hps 
         s_hps

   ah_ks
      Household shares at unit prices, ks 
         s_ks

   ah_md
      Household shares at unit prices, md 
         s_md

   ah_nd
      Household shares at unit prices, nd 
         s_nd

   ah_rc
      Household shares at unit prices, rc 
         s_rc

   ah_rcs
      Household shares at unit prices, rcs 
         s_rcs

   ah_trc
      Household shares at unit prices, trc 
         s_trc

   ah_trv
      Household shares at unit prices, trv 
         s_trv

   ah_ups
      Household shares at unit prices, ups 
         s_ups

   am_imp
      Import share at unit prices 
         com

   ap0_bl
      Price constant, bl 
         ind

   ap0_ene
      Price constant, ene 
         ind

   ap0_eq
      Price constant, eq 
         ind

   ap0_ff
      Price constant, ff 
         ind

   ap0_gas
      Price constant, gas 
         ind

   ap0_ma
      Price constant, ma 
         ind

   ap0_mat
      Price constant, mat 
         ind

   ap0_mm
      Price constant, mm 
         ind

   ap0_mn
      Price constant, mn 
         ind

   ap0_ms
      Price constant, ms 
         ind

   ap0_o
      Price constant, output o 
         ind

   ap0_ob
      Price constant, ob 
         ind

   ap0_oil
      Price constant, oil 
         ind

   ap0_os
      Price constant, os 
         ind

   ap0_sv
      Price constant, sv 
         ind

   ap0_tr
      Price constant, tr 
         ind

   ap0_tt
      Price constant, tt 
         ind

   ap_bl
      Input shares at unit prices, bl 
         s_bl,ind

   ap_ene
      Input shares at unit prices, ene 
         s_ene,ind

   ap_eq
      Input shares at unit prices, eq 
         s_eq,ind

   ap_ff
      Input shares at unit prices, ff 
         s_ff,ind

   ap_gas
      Input shares at unit prices, gas 
         s_gas,ind

   ap_ma
      Input shares at unit prices, ma 
         s_ma,ind

   ap_mat
      Input shares at unit prices, mat 
         s_mat,ind

   ap_mm
      Input shares at unit prices, mm 
         s_mm,ind

   ap_mn
      Input shares at unit prices, mn 
         s_mn,ind

   ap_ms
      Input shares at unit prices, ms 
         s_ms,ind

   ap_o
      Input shares at unit prices, klem in o 
         s_o,ind

   ap_ob
      Input shares at unit prices, ob 
         s_ob,ind

   ap_oil
      Input shares at unit prices, oil 
         s_oil,ind

   ap_os
      Input shares at unit prices, os 
         s_os,ind

   ap_sv
      Input shares at unit prices, sv 
         s_sv,ind

   ap_tr
      Input shares at unit prices, tr 
         s_tr,ind

   ap_tt
      Input shares at unit prices, tt 
         s_tt,ind

   bh_cg
      Share price elasticities, cg 
         s_cg,p_cg

   bh_cmm
      Share price elasticities, cmm 
         s_cmm,p_cmm

   bh_cs
      Share price elasticities, cs 
         s_cs,p_cs

   bh_edn
      Share price elasticities, edn 
         s_edn,p_edn

   bh_en
      Share price elasticities, en 
         s_en,p_en

   bh_ens
      Share price elasticities, ens 
         s_ens,p_ens

   bh_f
      Share price elasticities, f 
         s_f,p_f

   bh_fb
      Share price elasticities, fb 
         s_fb,p_fb

   bh_ho
      Share price elasticities, ho 
         s_ho,p_ho

   bh_hpg
      Share price elasticities, hpg 
         s_hpg,p_hpg

   bh_hps
      Share price elasticities, hps 
         s_hps,p_hps

   bh_ks
      Share price elasticities, ks 
         s_ks,p_ks

   bh_md
      Share price elasticities, md 
         s_md,p_md

   bh_nd
      Share price elasticities, nd 
         s_nd,p_nd

   bh_rc
      Share price elasticities, rc 
         s_rc,p_rc

   bh_rcs
      Share price elasticities, rcs 
         s_rcs,p_rcs

   bh_trc
      Share price elasticities, trc 
         s_trc,p_trc

   bh_trv
      Share price elasticities, trv 
         s_trv,p_trv

   bh_ups
      Share price elasticities, ups 
         s_ups,p_ups

   bha_f
      CEX share adjustment paramaters - demographic attributes, f 
         s_f,nattr

   bhm_f
      CEX share adjustment paramaters - expenditure, f 
         s_f

   bm_imp
      Import share price elasticity 
         com

   bp_bl
      Share price elasticities, bl 
         s_bl,p_bl,ind

   bp_ene
      Share price elasticities, ene 
         s_ene,p_ene,ind

   bp_eq
      Share price elasticities, eq 
         s_eq,p_eq,ind

   bp_ff
      Share price elasticities, ff 
         s_ff,p_ff,ind

   bp_gas
      Share price elasticities, gas 
         s_gas,p_gas,ind

   bp_ma
      Share price elasticities, ma 
         s_ma,p_ma,ind

   bp_mat
      Share price elasticities, mat 
         s_mat,p_mat,ind

   bp_mm
      Share price elasticities, mm 
         s_mm,p_mm,ind

   bp_mn
      Share price elasticities, mn 
         s_mn,p_mn,ind

   bp_ms
      Share price elasticities, ms 
         s_ms,p_ms,ind

   bp_o
      Share price elasticities, klem in o 
         s_o,p_o,ind

   bp_ob
      Share price elasticities, ob 
         s_ob,p_ob,ind

   bp_oil
      Share price elasticities, oil 
         s_oil,p_oil,ind

   bp_os
      Share price elasticities, os 
         s_os,p_os,ind

   bp_sv
      Share price elasticities, sv 
         s_sv,p_sv,ind

   bp_tr
      Share price elasticities, tr 
         s_tr,p_tr,ind

   bp_tt
      Share price elasticities, tt 
         s_tt,p_tt,ind

   denom_rebase
      Full consumption share denominator re-basing parameter 
         

   io_nipa
      io to nipa commodity price shares 
         ncom_k,nipa

   make_col
      Make table of commodity output shares 
         ind,com

   p_fc_scale
      Full consumption price normalization scalar 
         

   pf_scale_k
      Scalar - Capital stock 
         

   pf_scale_l
      Scalar - Value of available hours 
         

   pfc_m0
      Full consumption share normalization parameter 
         


Variables:

   ab_shr_f
      Full consumption shares - with only alpha and beta effects, f 
         s_f,time

   agg_tech_chg
      Economy-wide rate of technological improvement 
         time

   agg_tech_level
      Economy-wide level of technological improvement 
         time

   amk_imp
      Import share constant 
         com,time

   cex_shr_f
      Full consumption shares - with cex expenditure and demographic effects, f 
         s_f,time

   com_ext
      Externality coefficients from consumption 
         com,buy,nxtr,time

   con
      Consumption expenditures by commodity, io 
         ncom_k,time

   con_expend
      Consumption expenditure 
         time

   con_expend_net
      Net consumption expenditure 
         time

   con_share
      Commodity shares of consumption expenditure, nipa 
         nipa,time

   con_shk_expend
      Consumer demand shocks, total value 
         time

   con_shk_qty
      Consumer demand shocks, io quantities 
         ncom_k,time

   con_shk_val
      Consumer demand shocks, io values 
         ncom_k,time

   cshare
      Consumption share of full consumption 
         time

   denom
      Full consumption share denominator 
         time

   dom_shr
      Domestic share of total supply 
         com,time

   dv_hh
      cex-nipa bridge for full consumption shares 
         s_f,time

   e
      Direct exchange rate, USD/Foreign currency 
         time

   full_con
      Full consumption 
         time

   imp_ext
      Externality coefficients from imports 
         com,nxtr,time

   imp_shr
      Import share of total supply 
         com,time

   income_dist
      income distribution statistic 
         time

   income_share
      income shares by attribute 
         nattr,time

   io
      Input-output coefficients in value terms 
         com,ind,time

   kalf_bl
      Input biases, bl 
         s_bl,ind,time

   kalf_ene
      Input biases, ene 
         s_ene,ind,time

   kalf_eq
      Input biases, eq 
         s_eq,ind,time

   kalf_ff
      Input biases, ff 
         s_ff,ind,time

   kalf_gas
      Input biases, gas 
         s_gas,ind,time

   kalf_ma
      Input biases, ma 
         s_ma,ind,time

   kalf_mat
      Input biases, mat 
         s_mat,ind,time

   kalf_mm
      Input biases, mm 
         s_mm,ind,time

   kalf_mn
      Input biases, mn 
         s_mn,ind,time

   kalf_ms
      Input biases, ms 
         s_ms,ind,time

   kalf_o
      Input biases, klem in o 
         s_o,ind,time

   kalf_ob
      Input biases, ob 
         s_ob,ind,time

   kalf_oil
      Input biases, oil 
         s_oil,ind,time

   kalf_os
      Input biases, os 
         s_os,ind,time

   kalf_sv
      Input biases, sv 
         s_sv,ind,time

   kalf_tr
      Input biases, tr 
         s_tr,ind,time

   kalf_tt
      Input biases, tt 
         s_tt,ind,time

   kalh_cg
      Household biases, cg 
         s_cg,time

   kalh_cmm
      Household biases, cmm 
         s_cmm,time

   kalh_cs
      Household biases, cs 
         s_cs,time

   kalh_edn
      Household biases, edn 
         s_edn,time

   kalh_en
      Household biases, en 
         s_en,time

   kalh_ens
      Household biases, ens 
         s_ens,time

   kalh_fb
      Household biases, fb 
         s_fb,time

   kalh_ho
      Household biases, ho 
         s_ho,time

   kalh_hpg
      Household biases, hpg 
         s_hpg,time

   kalh_hps
      Household biases, hps 
         s_hps,time

   kalh_ks
      Household biases, ks 
         s_ks,time

   kalh_md
      Household biases, md 
         s_md,time

   kalh_nd
      Household biases, nd 
         s_nd,time

   kalh_rc
      Household biases, rc 
         s_rc,time

   kalh_rcs
      Household biases, rcs 
         s_rcs,time

   kalh_trc
      Household biases, trc 
         s_trc,time

   kalh_trv
      Household biases, trv 
         s_trv,time

   kalh_ups
      Household biases, ups 
         s_ups,time

   kalm_imp
      Import bias 
         com,time

   kalp
      Technical change (TFP, Total factor productivity), output 
         ind,time

   leisure
      Leisure quantity 
         time

   p_con
      Household commodity prices, io 
         ncom_k,time

   p_fc
      Price of full consumption 
         time

   p_hours
      After-tax value of time to households 
         time

   p_leisure
      Price of leisure 
         time

   pb
      Buyer prices with demand-driven externality taxes (if any) 
         inputs,buy,time

   pc
      Domestic commodity prices 
         com,time

   pcon
      Household commodity prices including leisure and tiers, nipa 
         ntoth,time

   pf
      Commodity import prices, foreign currency 
         com,time

   pfd
      Commodity import prices, domestic currency 
         com,time

   pi
      Industry purchaser prices 
         ind,time

   pj_scale
      Leisure price multiplier 
         time

   pk_scale
      Capital price multipliers 
         NIND_C,time

   pk_service
      Price of capital services 
         time

   pl_scale
      Labor price multipliers 
         ind,time

   po
      Industry producer prices 
         ind,time

   prd_ext
      Externality coefficients from production 
         ind,nxtr,time

   ps
      Total commodity supply prices 
         com,time

   rev_con
      Consumption tax revenue 
         time

   shr_bl
      Input shares, bl 
         s_bl,ind,time

   shr_cg
      Household shares, cg 
         s_cg,time

   shr_cmm
      Household shares, cmm 
         s_cmm,time

   shr_cs
      Household shares, cs 
         s_cs,time

   shr_edn
      Household shares, edn 
         s_edn,time

   shr_en
      Household shares, en 
         s_en,time

   shr_ene
      Input shares, ene 
         s_ene,ind,time

   shr_ens
      Household shares, ens 
         s_ens,time

   shr_eq
      Input shares, eq 
         s_eq,ind,time

   shr_f
      Full consumption shares - bridged cex-to-nipa 
         s_f,time

   shr_fb
      Household shares, fb 
         s_fb,time

   shr_ff
      Input shares, ff 
         s_ff,ind,time

   shr_gas
      Input shares, gas 
         s_gas,ind,time

   shr_ho
      Household shares, ho 
         s_ho,time

   shr_hpg
      Household shares, hpg 
         s_hpg,time

   shr_hps
      Household shares, hps 
         s_hps,time

   shr_ks
      Household shares, ks 
         s_ks,time

   shr_ma
      Input shares, ma 
         s_ma,ind,time

   shr_mat
      Input shares, mat 
         s_mat,ind,time

   shr_md
      Household shares, md 
         s_md,time

   shr_mm
      Input shares, mm 
         s_mm,ind,time

   shr_mn
      Input shares, mn 
         s_mn,ind,time

   shr_ms
      Input shares, ms 
         s_ms,ind,time

   shr_nd
      Household shares, nd 
         s_nd,time

   shr_o
      Input shares, klem in o 
         s_o,ind,time

   shr_ob
      Input shares, ob 
         s_ob,ind,time

   shr_oil
      Input shares, oil 
         s_oil,ind,time

   shr_os
      Input shares, os 
         s_os,ind,time

   shr_rc
      Household shares, rc 
         s_rc,time

   shr_rcs
      Household shares, rcs 
         s_rcs,time

   shr_sv
      Input shares, sv 
         s_sv,ind,time

   shr_tr
      Input shares, tr 
         s_tr,ind,time

   shr_trc
      Household shares, trc 
         s_trc,time

   shr_trv
      Household shares, trv 
         s_trv,time

   shr_tt
      Input shares, tt 
         s_tt,ind,time

   shr_ups
      Household shares, ups 
         s_ups,time

   tar_ext_com
      Import tariff rate from all externalities 
         com,time

   tariff
      Commodity tariff rate 
         com,time

   tax_cap
      Average-marginal tax rate on capital 
         time

   tax_cap_hh
      Average-marginal tax rate on household capital 
         time

   tax_con
      Consumption tax on all household expenditures 
         time

   tax_con_good
      Consumption tax on only household goods and services 
         time

   tax_con_gov
      Consumption tax on all government spending 
         time

   tax_con_kap
      Consumption tax on only household capital services 
         time

   tax_con_tot_com
      Total consumption tax on goods and services 
         time

   tax_con_tot_kap
      Total consumption tax on capital services 
         time

   tax_ext_com
      Consumption tax rate from all externalties 
         com,buy,time

   tax_ext_ind
      Production tax rate from all externalities 
         ind,time

   tax_ext_u
      Externality tax rate 
         nxtr,time

   tax_labor_a
      Average tax rate on labor 
         time

   tax_labor_m
      Marginal tax rate on labor 
         time

   tax_sales
      Sales tax rate 
         ind,time

   tax_unit
      Unit tax rate 
         ind,time

   tech_shock
      Input neutral industry-specific technology shock 
         ind,time

   tech_shock_agg
      Economy-wide technology shock 
         time

   year
      Calendar years 
         time


Unique Elements:

   at1,at10,at11,at2,at3,at4,at5,at6,at7,at8,at9,bl,c01,c02,c03,c04,
   c05,c06,c07,c08,c09,c10,c11,c12,c13,c14,c15,c16,c17,c18,c19,c20,c21,
   c22,c23,c24,c25,c26,c27,c28,c29,c30,c31,c32,c33,c34,c35,c36,cg,cmm,
   con,cs,edn,en,ene,ens,eq,ex1,ex10,ex11,ex12,ex13,ex14,ex15,ex16,
   ex17,ex18,ex19,ex2,ex20,ex3,ex4,ex5,ex6,ex7,ex8,ex9,fb,ff,gas,gov,
   ho,hpg,hps,i01,i02,i03,i04,i05,i06,i07,i08,i09,i10,i11,i12,i13,i14,
   i15,i16,i17,i18,i19,i20,i21,i22,i23,i24,i25,i26,i27,i28,i29,i30,i31,
   i32,i33,i34,i35,i36,imp,inv,kap,ks,lab,ma,mat,md,mm,mn,ms,n01,n02,
   n03,n04,n05,n06,n07,n08,n09,n10,n11,n12,n13,n14,n15,n16,n17,n18,n19,
   n20,n21,n22,n23,n24,n25,n26,n27,n28,n29,n30,n31,n32,n33,n34,n35,n36,
   nd,ob,oil,os,p0,p1,r,rc,rcs,sv,tr,trc,trv,tt,ups,xpt

Equations Using Each Parameter:

   ah_cg: 123,124
   ah_cmm: 93,94
   ah_cs: 125,126
   ah_edn: 103,104
   ah_en: 111,112
   ah_ens: 97,98
   ah_f: 129,133
   ah_fb: 107,108
   ah_ho: 121,122
   ah_hpg: 105,106
   ah_hps: 95,96
   ah_ks: 113,114
   ah_md: 109,110
   ah_nd: 127,128
   ah_rc: 119,120
   ah_rcs: 101,102
   ah_trc: 115,116
   ah_trv: 100,99
   ah_ups: 117,118
   am_imp: 44
   ap0_bl: 16
   ap0_ene: 14
   ap0_eq: 32
   ap0_ff: 12
   ap0_gas: 8
   ap0_ma: 24
   ap0_mat: 38
   ap0_mm: 36
   ap0_mn: 26
   ap0_ms: 34
   ap0_o: 40
   ap0_ob: 18
   ap0_oil: 10
   ap0_os: 20
   ap0_sv: 22
   ap0_tr: 28
   ap0_tt: 30
   ap_bl: 15,16
   ap_ene: 13,14
   ap_eq: 31,32
   ap_ff: 11,12
   ap_gas: 7,8
   ap_ma: 23,24
   ap_mat: 37,38
   ap_mm: 35,36
   ap_mn: 25,26
   ap_ms: 33,34
   ap_o: 39,40
   ap_ob: 17,18
   ap_oil: 10,9
   ap_os: 19,20
   ap_sv: 21,22
   ap_tr: 27,28
   ap_tt: 29,30
   bh_cg: 123,124
   bh_cmm: 93,94
   bh_cs: 125,126
   bh_edn: 103,104
   bh_en: 111,112
   bh_ens: 97,98
   bh_f: 129,130,133
   bh_fb: 107,108
   bh_ho: 121,122
   bh_hpg: 105,106
   bh_hps: 95,96
   bh_ks: 113,114
   bh_md: 109,110
   bh_nd: 127,128
   bh_rc: 119,120
   bh_rcs: 101,102
   bh_trc: 115,116
   bh_trv: 100,99
   bh_ups: 117,118
   bha_f: 131
   bhm_f: 131
   bm_imp: 45,47
   bp_bl: 15,16
   bp_ene: 13,14
   bp_eq: 31,32
   bp_ff: 11,12
   bp_gas: 7,8
   bp_ma: 23,24
   bp_mat: 37,38
   bp_mm: 35,36
   bp_mn: 25,26
   bp_ms: 33,34
   bp_o: 39,40
   bp_ob: 17,18
   bp_oil: 10,9
   bp_os: 19,20
   bp_sv: 21,22
   bp_tr: 27,28
   bp_tt: 29,30
   denom_rebase: 130
   io_nipa: 176,177,90
   make_col: 42
   p_fc_scale: 133
   pf_scale_k: none
   pf_scale_l: none
   pfc_m0: 133

Equations Using Each Variable:

   ab_shr_f:
      LHS 129
      RHS 131
   agg_tech_chg:
      LHS none
      RHS 4
   agg_tech_level:
      LHS 4
      RHS 4,40
   amk_imp:
      LHS 44
      RHS 45,47
   cex_shr_f:
      LHS 131
      RHS 132
   com_ext:
      LHS none
      RHS 3
   con:
      LHS 176,177
      RHS 178
   con_expend:
      LHS 136
      RHS 175
   con_expend_net:
      LHS 175
      RHS 176,177
   con_share:
      LHS 137,138,139,140,141,142,143,144,145,146,147,148,149,150,151,152,153,154,155,156,157,158,159,160,161,162,163,164,165,166,167,168,169,170,171,172
      RHS 176,177
   con_shk_expend:
      LHS 174
      RHS 175
   con_shk_qty:
      LHS none
      RHS 173
   con_shk_val:
      LHS 173
      RHS 174,176,177
   cshare:
      LHS 135
      RHS 136,137,138,139,140,141,142,143,144,145,146,147,148,149,150,151,152,153,154,155,156,157,158,159,160,161,162,163,164,165,166,167,168,169,170,171,172
   denom:
      LHS 130
      RHS 131,133
   dom_shr:
      LHS 46
      RHS none
   dv_hh:
      LHS none
      RHS 132
   e:
      LHS none
      RHS 43
   full_con:
      LHS none
      RHS 131,134,136
   imp_ext:
      LHS none
      RHS 2
   imp_shr:
      LHS 45
      RHS 46
   income_dist:
      LHS none
      RHS 131
   income_share:
      LHS none
      RHS 131
   io:
      LHS 49,50,51,52,53,54,55,56,57,58,59,60,61,62,63,64,65,66,67,68,69,70,71,72,73,74,75,76,77,78,79,80,81,82,83,84
      RHS none
   kalf_bl:
      LHS none
      RHS 15,16
   kalf_ene:
      LHS none
      RHS 13,14
   kalf_eq:
      LHS none
      RHS 31,32
   kalf_ff:
      LHS none
      RHS 11,12
   kalf_gas:
      LHS none
      RHS 7,8
   kalf_ma:
      LHS none
      RHS 23,24
   kalf_mat:
      LHS none
      RHS 37,38
   kalf_mm:
      LHS none
      RHS 35,36
   kalf_mn:
      LHS none
      RHS 25,26
   kalf_ms:
      LHS none
      RHS 33,34
   kalf_o:
      LHS none
      RHS 39,40
   kalf_ob:
      LHS none
      RHS 17,18
   kalf_oil:
      LHS none
      RHS 10,9
   kalf_os:
      LHS none
      RHS 19,20
   kalf_sv:
      LHS none
      RHS 21,22
   kalf_tr:
      LHS none
      RHS 27,28
   kalf_tt:
      LHS none
      RHS 29,30
   kalh_cg:
      LHS none
      RHS 123,124
   kalh_cmm:
      LHS none
      RHS 93,94
   kalh_cs:
      LHS none
      RHS 125,126
   kalh_edn:
      LHS none
      RHS 103,104
   kalh_en:
      LHS none
      RHS 111,112
   kalh_ens:
      LHS none
      RHS 97,98
   kalh_fb:
      LHS none
      RHS 107,108
   kalh_ho:
      LHS none
      RHS 121,122
   kalh_hpg:
      LHS none
      RHS 105,106
   kalh_hps:
      LHS none
      RHS 95,96
   kalh_ks:
      LHS none
      RHS 113,114
   kalh_md:
      LHS none
      RHS 109,110
   kalh_nd:
      LHS none
      RHS 127,128
   kalh_rc:
      LHS none
      RHS 119,120
   kalh_rcs:
      LHS none
      RHS 101,102
   kalh_trc:
      LHS none
      RHS 115,116
   kalh_trv:
      LHS none
      RHS 100,99
   kalh_ups:
      LHS none
      RHS 117,118
   kalm_imp:
      LHS none
      RHS 44
   kalp:
      LHS none
      RHS 40
   leisure:
      LHS 134
      RHS none
   p_con:
      LHS 88,89
      RHS 173,90
   p_fc:
      LHS 133
      RHS none
   p_hours:
      LHS none
      RHS 6,91
   p_leisure:
      LHS 91
      RHS 134,92
   pb:
      LHS 10,12,14,16,18,20,22,24,26,28,30,32,34,36,38,48,5,6,8,85
      RHS 10,11,12,13,14,15,16,17,18,19,20,21,22,23,24,25,26,27,28,29,30,31,32,33,34,35,36,37,38,39,40,7,8,88,89,9
   pc:
      LHS 42
      RHS 45,47
   pcon:
      LHS 100,102,104,106,108,110,112,114,116,118,120,122,124,126,128,90,92,94,96,98
      RHS 100,101,102,103,104,105,106,107,108,109,110,111,112,113,114,115,116,117,118,119,120,121,122,123,124,125,126,127,128,129,130,133,93,94,95,96,97,98,99
   pf:
      LHS none
      RHS 43
   pfd:
      LHS 43
      RHS 45,47
   pi:
      LHS 41
      RHS none
   pj_scale:
      LHS none
      RHS 91
   pk_scale:
      LHS none
      RHS 5,85
   pk_service:
      LHS none
      RHS 5,85
   pl_scale:
      LHS none
      RHS 6
   po:
      LHS 40
      RHS 41,42
   prd_ext:
      LHS none
      RHS 1
   ps:
      LHS 47
      RHS 48
   rev_con:
      LHS 178
      RHS none
   shr_bl:
      LHS 15
      RHS 75,76,77
   shr_cg:
      LHS 123
      RHS 138,142,143,144,145
   shr_cmm:
      LHS 93
      RHS 156,157
   shr_cs:
      LHS 125
      RHS 148,149,150,151,152,153,154,155,156,157,158,159,160,161,162,163,164,165,166,167,168,169,170,171,172
   shr_edn:
      LHS 103
      RHS 167,168
   shr_en:
      LHS 111
      RHS 139,140
   shr_ene:
      LHS 13
      RHS 53,54,55,56,57,58
   shr_ens:
      LHS 97
      RHS 149,150
   shr_eq:
      LHS 31
      RHS 62,63,64,65,66
   shr_f:
      LHS 132
      RHS 134,135,137,138,139,140,141,142,143,144,145,146,147,148,149,150,151,152,153,154,155,156,157,158,159,160,161,162,163,164,165,166,167,168,169,170,171,172
   shr_fb:
      LHS 107
      RHS 164,165,166
   shr_ff:
      LHS 11
      RHS 53,54,55,56,57
   shr_gas:
      LHS 7
      RHS 55,56
   shr_ho:
      LHS 121
      RHS 148,149,150,153,154,155,156,157,167,168,169,170,171,172
   shr_hpg:
      LHS 105
      RHS 143,144
   shr_hps:
      LHS 95
      RHS 169,170,171
   shr_ks:
      LHS 113
      RHS 146,147
   shr_ma:
      LHS 23
      RHS 49,50,51,52
   shr_mat:
      LHS 37
      RHS 49,50,51,52,59,60,61,62,63,64,65,66,67,68,69,70,71,72,73,74,75,76,77,78,79,80,81,82,83,84
   shr_md:
      LHS 109
      RHS 151,152
   shr_mm:
      LHS 35
      RHS 59,60,61,62,63,64,65,66
   shr_mn:
      LHS 25
      RHS 67,68,69,70
   shr_ms:
      LHS 33
      RHS 71,72,73,74,75,76,77,78,79,80,81,82,83,84
   shr_nd:
      LHS 127
      RHS 137,138,139,140,141,142,143,144,145
   shr_o:
      LHS 39
      RHS 49,50,51,52,53,54,55,56,57,58,59,60,61,62,63,64,65,66,67,68,69,70,71,72,73,74,75,76,77,78,79,80,81,82,83,84
   shr_ob:
      LHS 17
      RHS 78,79,80
   shr_oil:
      LHS 9
      RHS 53,54
   shr_os:
      LHS 19
      RHS 81,82,83,84
   shr_rc:
      LHS 119
      RHS 158,159,160,161,162,163
   shr_rcs:
      LHS 101
      RHS 158,159,160
   shr_sv:
      LHS 21
      RHS 75,76,77,78,79,80,81,82,83,84
   shr_tr:
      LHS 27
      RHS 65,66
   shr_trc:
      LHS 115
      RHS 153,154,155,156,157
   shr_trv:
      LHS 99
      RHS 162,163
   shr_tt:
      LHS 29
      RHS 72,73,74
   shr_ups:
      LHS 117
      RHS 148,149,150,169,170,171
   tar_ext_com:
      LHS 2
      RHS 43
   tariff:
      LHS none
      RHS 43
   tax_cap:
      LHS none
      RHS none
   tax_cap_hh:
      LHS none
      RHS 85
   tax_con:
      LHS none
      RHS 86,87
   tax_con_good:
      LHS none
      RHS 86
   tax_con_gov:
      LHS none
      RHS none
   tax_con_kap:
      LHS none
      RHS 87
   tax_con_tot_com:
      LHS 86
      RHS 176,178,88
   tax_con_tot_kap:
      LHS 87
      RHS 89
   tax_ext_com:
      LHS 3
      RHS 48
   tax_ext_ind:
      LHS 1
      RHS 41
   tax_ext_u:
      LHS none
      RHS 1,2,3
   tax_labor_a:
      LHS none
      RHS none
   tax_labor_m:
      LHS none
      RHS 6
   tax_sales:
      LHS none
      RHS 41
   tax_unit:
      LHS none
      RHS 41
   tech_shock:
      LHS none
      RHS 40
   tech_shock_agg:
      LHS none
      RHS 40
   year:
      LHS none
      RHS 4

Unused Parameters:

   pf_scale_k
   pf_scale_l

Unused Variables:

   tax_cap
   tax_con_gov
   tax_labor_a


Equation 1
----------
Domain: ind,time
Count: 72 (1 to 72)

   tax_ext_ind=sum(nxtr,tax_ext_u*prd_ext(ind,nxtr))


Equation 2
----------
Domain: com,time
Count: 72 (73 to 144)

   tar_ext_com=sum(nxtr,tax_ext_u*imp_ext(com,nxtr))


Equation 3
----------
Domain: buy,com,time
Count: 2808 (145 to 2952)

   tax_ext_com
   =sum(nxtr,tax_ext_u*com_ext(com,buy,nxtr))


Equation 4
----------
Qualifiers: time_p0m1
Relative Time: [0,1]
Domain: time_p0m1
Count: 1 (2953 to 2953)

   lead(agg_tech_level)
   =(1-(lead(year)-year)*agg_tech_chg)*agg_tech_level


Equation 5
----------
Domain: ind,kap,time
Count: 72 (2954 to 3025)

   pb(kap,ind)=pk_service*pk_scale(ind)


Equation 6
----------
Domain: ind,lab,time
Count: 72 (3026 to 3097)

   pb(lab,ind)=(p_hours*pl_scale(ind))/(1-tax_labor_m)


Equation 7
----------
Domain: ind,s_gas,time
Count: 144 (3098 to 3241)

   shr_gas
   =ap_gas+kalf_gas+sum(p_gas,bp_gas*log(pb(p_gas,ind)))


Equation 8
----------
Domain: gas,ind,time
Count: 72 (3242 to 3313)

   log(pb(gas,ind))
   =ap0_gas
   +sum(s_gas,(ap_gas+kalf_gas)*log(pb(s_gas,ind)))
   +0.5
   *sum(p_gas,sum(s_gas,log(pb(s_gas,ind))*bp_gas*log(pb(p_gas,ind))))


Equation 9
----------
Domain: ind,s_oil,time
Count: 144 (3314 to 3457)

   shr_oil
   =ap_oil+kalf_oil+sum(p_oil,bp_oil*log(pb(p_oil,ind)))


Equation 10
-----------
Domain: ind,oil,time
Count: 72 (3458 to 3529)

   log(pb(oil,ind))
   =ap0_oil
   +sum(s_oil,(ap_oil+kalf_oil)*log(pb(s_oil,ind)))
   +0.5
   *sum(p_oil,sum(s_oil,log(pb(s_oil,ind))*bp_oil*log(pb(p_oil,ind))))


Equation 11
-----------
Domain: ind,s_ff,time
Count: 216 (3530 to 3745)

   shr_ff
   =ap_ff+kalf_ff+sum(p_ff,bp_ff*log(pb(p_ff,ind)))


Equation 12
-----------
Domain: ff,ind,time
Count: 72 (3746 to 3817)

   log(pb(ff,ind))
   =ap0_ff
   +sum(s_ff,(ap_ff+kalf_ff)*log(pb(s_ff,ind)))
   +0.5
   *sum(p_ff,sum(s_ff,log(pb(s_ff,ind))*bp_ff*log(pb(p_ff,ind))))


Equation 13
-----------
Domain: ind,s_ene,time
Count: 144 (3818 to 3961)

   shr_ene
   =ap_ene+kalf_ene+sum(p_ene,bp_ene*log(pb(p_ene,ind)))


Equation 14
-----------
Domain: ene,ind,time
Count: 72 (3962 to 4033)

   log(pb(ene,ind))
   =ap0_ene
   +sum(s_ene,(ap_ene+kalf_ene)*log(pb(s_ene,ind)))
   +0.5
   *sum(p_ene,sum(s_ene,log(pb(s_ene,ind))*bp_ene*log(pb(p_ene,ind))))


Equation 15
-----------
Domain: ind,s_bl,time
Count: 216 (4034 to 4249)

   shr_bl
   =ap_bl+kalf_bl+sum(p_bl,bp_bl*log(pb(p_bl,ind)))


Equation 16
-----------
Domain: bl,ind,time
Count: 72 (4250 to 4321)

   log(pb(bl,ind))
   =ap0_bl
   +sum(s_bl,(ap_bl+kalf_bl)*log(pb(s_bl,ind)))
   +0.5
   *sum(p_bl,sum(s_bl,log(pb(s_bl,ind))*bp_bl*log(pb(p_bl,ind))))


Equation 17
-----------
Domain: ind,s_ob,time
Count: 216 (4322 to 4537)

   shr_ob
   =ap_ob+kalf_ob+sum(p_ob,bp_ob*log(pb(p_ob,ind)))


Equation 18
-----------
Domain: ind,ob,time
Count: 72 (4538 to 4609)

   log(pb(ob,ind))
   =ap0_ob
   +sum(s_ob,(ap_ob+kalf_ob)*log(pb(s_ob,ind)))
   +0.5
   *sum(p_ob,sum(s_ob,log(pb(s_ob,ind))*bp_ob*log(pb(p_ob,ind))))


Equation 19
-----------
Domain: ind,s_os,time
Count: 288 (4610 to 4897)

   shr_os
   =ap_os+kalf_os+sum(p_os,bp_os*log(pb(p_os,ind)))


Equation 20
-----------
Domain: ind,os,time
Count: 72 (4898 to 4969)

   log(pb(os,ind))
   =ap0_os
   +sum(s_os,(ap_os+kalf_os)*log(pb(s_os,ind)))
   +0.5
   *sum(p_os,sum(s_os,log(pb(s_os,ind))*bp_os*log(pb(p_os,ind))))


Equation 21
-----------
Domain: ind,s_sv,time
Count: 216 (4970 to 5185)

   shr_sv
   =ap_sv+kalf_sv+sum(p_sv,bp_sv*log(pb(p_sv,ind)))


Equation 22
-----------
Domain: ind,sv,time
Count: 72 (5186 to 5257)

   log(pb(sv,ind))
   =ap0_sv
   +sum(s_sv,(ap_sv+kalf_sv)*log(pb(s_sv,ind)))
   +0.5
   *sum(p_sv,sum(s_sv,log(pb(s_sv,ind))*bp_sv*log(pb(p_sv,ind))))


Equation 23
-----------
Domain: ind,s_ma,time
Count: 288 (5258 to 5545)

   shr_ma
   =ap_ma+kalf_ma+sum(p_ma,bp_ma*log(pb(p_ma,ind)))


Equation 24
-----------
Domain: ind,ma,time
Count: 72 (5546 to 5617)

   log(pb(ma,ind))
   =ap0_ma
   +sum(s_ma,(ap_ma+kalf_ma)*log(pb(s_ma,ind)))
   +0.5
   *sum(p_ma,sum(s_ma,log(pb(s_ma,ind))*bp_ma*log(pb(p_ma,ind))))


Equation 25
-----------
Domain: ind,s_mn,time
Count: 288 (5618 to 5905)

   shr_mn
   =ap_mn+kalf_mn+sum(p_mn,bp_mn*log(pb(p_mn,ind)))


Equation 26
-----------
Domain: ind,mn,time
Count: 72 (5906 to 5977)

   log(pb(mn,ind))
   =ap0_mn
   +sum(s_mn,(ap_mn+kalf_mn)*log(pb(s_mn,ind)))
   +0.5
   *sum(p_mn,sum(s_mn,log(pb(s_mn,ind))*bp_mn*log(pb(p_mn,ind))))


Equation 27
-----------
Domain: ind,s_tr,time
Count: 144 (5978 to 6121)

   shr_tr
   =ap_tr+kalf_tr+sum(p_tr,bp_tr*log(pb(p_tr,ind)))


Equation 28
-----------
Domain: ind,time,tr
Count: 72 (6122 to 6193)

   log(pb(tr,ind))
   =ap0_tr
   +sum(s_tr,(ap_tr+kalf_tr)*log(pb(s_tr,ind)))
   +0.5
   *sum(p_tr,sum(s_tr,log(pb(s_tr,ind))*bp_tr*log(pb(p_tr,ind))))


Equation 29
-----------
Domain: ind,s_tt,time
Count: 216 (6194 to 6409)

   shr_tt
   =ap_tt+kalf_tt+sum(p_tt,bp_tt*log(pb(p_tt,ind)))


Equation 30
-----------
Domain: ind,time,tt
Count: 72 (6410 to 6481)

   log(pb(tt,ind))
   =ap0_tt
   +sum(s_tt,(ap_tt+kalf_tt)*log(pb(s_tt,ind)))
   +0.5
   *sum(p_tt,sum(s_tt,log(pb(s_tt,ind))*bp_tt*log(pb(p_tt,ind))))


Equation 31
-----------
Domain: ind,s_eq,time
Count: 288 (6482 to 6769)

   shr_eq
   =ap_eq+kalf_eq+sum(p_eq,bp_eq*log(pb(p_eq,ind)))


Equation 32
-----------
Domain: eq,ind,time
Count: 72 (6770 to 6841)

   log(pb(eq,ind))
   =ap0_eq
   +sum(s_eq,(ap_eq+kalf_eq)*log(pb(s_eq,ind)))
   +0.5
   *sum(p_eq,sum(s_eq,log(pb(s_eq,ind))*bp_eq*log(pb(p_eq,ind))))


Equation 33
-----------
Domain: ind,s_ms,time
Count: 216 (6842 to 7057)

   shr_ms
   =ap_ms+kalf_ms+sum(p_ms,bp_ms*log(pb(p_ms,ind)))


Equation 34
-----------
Domain: ind,ms,time
Count: 72 (7058 to 7129)

   log(pb(ms,ind))
   =ap0_ms
   +sum(s_ms,(ap_ms+kalf_ms)*log(pb(s_ms,ind)))
   +0.5
   *sum(p_ms,sum(s_ms,log(pb(s_ms,ind))*bp_ms*log(pb(p_ms,ind))))


Equation 35
-----------
Domain: ind,s_mm,time
Count: 288 (7130 to 7417)

   shr_mm
   =ap_mm+kalf_mm+sum(p_mm,bp_mm*log(pb(p_mm,ind)))


Equation 36
-----------
Domain: ind,mm,time
Count: 72 (7418 to 7489)

   log(pb(mm,ind))
   =ap0_mm
   +sum(s_mm,(ap_mm+kalf_mm)*log(pb(s_mm,ind)))
   +0.5
   *sum(p_mm,sum(s_mm,log(pb(s_mm,ind))*bp_mm*log(pb(p_mm,ind))))


Equation 37
-----------
Domain: ind,s_mat,time
Count: 288 (7490 to 7777)

   shr_mat
   =ap_mat+kalf_mat+sum(p_mat,bp_mat*log(pb(p_mat,ind)))


Equation 38
-----------
Domain: ind,mat,time
Count: 72 (7778 to 7849)

   log(pb(mat,ind))
   =ap0_mat
   +sum(s_mat,(ap_mat+kalf_mat)*log(pb(s_mat,ind)))
   +0.5
   *sum(p_mat,sum(s_mat,log(pb(s_mat,ind))*bp_mat*log(pb(p_mat,ind))))


Equation 39
-----------
Domain: ind,s_o,time
Count: 288 (7850 to 8137)

   shr_o
   =ap_o+kalf_o+sum(p_o,bp_o*log(pb(p_o,ind)))


Equation 40
-----------
Domain: ind,time
Count: 72 (8138 to 8209)

   log(po(ind))
   =ap0_o+kalp
   +
   log(agg_tech_level*tech_shock_agg*tech_shock)
   +sum(s_o,(ap_o+kalf_o)*log(pb(s_o,ind)))
   +0.5
   *sum(p_o,sum(s_o,log(pb(s_o,ind))*bp_o*log(pb(p_o,ind))))


Equation 41
-----------
Domain: ind,time
Count: 72 (8210 to 8281)

   pi=po*(1+tax_sales)+tax_unit+tax_ext_ind


Equation 42
-----------
Domain: com,time
Count: 72 (8282 to 8353)

   pc=sum(ind,po*make_col)


Equation 43
-----------
Domain: com,time
Count: 72 (8354 to 8425)

   pfd=pf*e*(1+tariff)+tar_ext_com


Equation 44
-----------
Domain: com,time
Count: 72 (8426 to 8497)

   amk_imp=am_imp+kalm_imp


Equation 45
-----------
Domain: com,time
Count: 72 (8498 to 8569)

   imp_shr=amk_imp+bm_imp*(log(pfd)-log(pc))


Equation 46
-----------
Domain: com,time
Count: 72 (8570 to 8641)

   dom_shr=1-imp_shr


Equation 47
-----------
Domain: com,time
Count: 72 (8642 to 8713)

   log(ps)
   =amk_imp*log(pfd)+(1-amk_imp)*log(pc)+0.5*bm_imp*log(pfd)*log(pfd)
   -bm_imp*log(pfd)*log(pc)
   +0.5*bm_imp*log(pc)*log(pc)


Equation 48
-----------
Domain: buy,com,time
Count: 2808 (8714 to 11521)

   pb(com,buy)=ps+tax_ext_com


Equation 49
-----------
Domain: c01,ind,mat,mn,time
Count: 72 (11522 to 11593)

   io(c01)=shr_ma(c01)*shr_mat(mn)*shr_o(mat)


Equation 50
-----------
Domain: c10,ind,mat,mn,time
Count: 72 (11594 to 11665)

   io(c10)=shr_ma(c10)*shr_mat(mn)*shr_o(mat)


Equation 51
-----------
Domain: c20,ind,mat,mn,time
Count: 72 (11666 to 11737)

   io(c20)=shr_ma(c20)*shr_mat(mn)*shr_o(mat)


Equation 52
-----------
Domain: c21,ind,mat,mn,time
Count: 72 (11738 to 11809)

   io(c21)=shr_ma(c21)*shr_mat(mn)*shr_o(mat)


Equation 53
-----------
Domain: c02,ene,ff,ind,oil,time
Count: 72 (11810 to 11881)

   io(c02)
   =shr_oil(c02)*shr_ff(oil)*shr_ene(ff)*shr_o(ene)


Equation 54
-----------
Domain: c23,ene,ff,ind,oil,time
Count: 72 (11882 to 11953)

   io(c23)
   =shr_oil(c23)*shr_ff(oil)*shr_ene(ff)*shr_o(ene)


Equation 55
-----------
Domain: c03,ene,ff,gas,ind,time
Count: 72 (11954 to 12025)

   io(c03)
   =shr_gas(c03)*shr_ff(gas)*shr_ene(ff)*shr_o(ene)


Equation 56
-----------
Domain: c07,ene,ff,gas,ind,time
Count: 72 (12026 to 12097)

   io(c07)
   =shr_gas(c07)*shr_ff(gas)*shr_ene(ff)*shr_o(ene)


Equation 57
-----------
Domain: c04,ene,ff,ind,time
Count: 72 (12098 to 12169)

   io(c04)=shr_ff(c04)*shr_ene(ff)*shr_o(ene)


Equation 58
-----------
Domain: c06,ene,ind,time
Count: 72 (12170 to 12241)

   io(c06)=shr_ene(c06)*shr_o(ene)


Equation 59
-----------
Domain: c05,ind,mat,mm,time
Count: 72 (12242 to 12313)

   io(c05)=shr_mm(c05)*shr_mat(mm)*shr_o(mat)


Equation 60
-----------
Domain: c12,ind,mat,mm,time
Count: 72 (12314 to 12385)

   io(c12)=shr_mm(c12)*shr_mat(mm)*shr_o(mat)


Equation 61
-----------
Domain: c13,ind,mat,mm,time
Count: 72 (12386 to 12457)

   io(c13)=shr_mm(c13)*shr_mat(mm)*shr_o(mat)


Equation 62
-----------
Domain: c14,eq,ind,mat,mm,time
Count: 72 (12458 to 12529)

   io(c14)
   =shr_eq(c14)*shr_mm(eq)^shr_mat(mm)*shr_o(mat)


Equation 63
-----------
Domain: c15,eq,ind,mat,mm,time
Count: 72 (12530 to 12601)

   io(c15)
   =shr_eq(c15)*shr_mm(eq)^shr_mat(mm)*shr_o(mat)


Equation 64
-----------
Domain: c16,eq,ind,mat,mm,time
Count: 72 (12602 to 12673)

   io(c16)
   =shr_eq(c16)*shr_mm(eq)^shr_mat(mm)*shr_o(mat)


Equation 65
-----------
Domain: c17,eq,ind,mat,mm,time,tr
Count: 72 (12674 to 12745)

   io(c17)
   =shr_tr(c17)*shr_eq(tr)*shr_mm(eq)^shr_mat(mm)
   *shr_o(mat)


Equation 66
-----------
Domain: c18,eq,ind,mat,mm,time,tr
Count: 72 (12746 to 12817)

   io(c18)
   =shr_tr(c18)*shr_eq(tr)*shr_mm(eq)^shr_mat(mm)
   *shr_o(mat)


Equation 67
-----------
Domain: c11,ind,mat,mn,time
Count: 72 (12818 to 12889)

   io(c11)=shr_mn(c11)*shr_mat(mn)*shr_o(mat)


Equation 68
-----------
Domain: c19,ind,mat,mn,time
Count: 72 (12890 to 12961)

   io(c19)=shr_mn(c19)*shr_mat(mn)*shr_o(mat)


Equation 69
-----------
Domain: c22,ind,mat,mn,time
Count: 72 (12962 to 13033)

   io(c22)=shr_mn(c22)*shr_mat(mn)*shr_o(mat)


Equation 70
-----------
Domain: c24,ind,mat,mn,time
Count: 72 (13034 to 13105)

   io(c24)=shr_mn(c24)*shr_mat(mn)*shr_o(mat)


Equation 71
-----------
Domain: c32,ind,mat,ms,time
Count: 72 (13106 to 13177)

   io(c32)=shr_ms(c32)*shr_mat(ms)*shr_o(mat)


Equation 72
-----------
Domain: c25,ind,mat,ms,time,tt
Count: 72 (13178 to 13249)

   io(c25)
   =shr_tt(c25)*shr_ms(tt)*shr_mat(ms)*shr_o(mat)


Equation 73
-----------
Domain: c26,ind,mat,ms,time,tt
Count: 72 (13250 to 13321)

   io(c26)
   =shr_tt(c26)*shr_ms(tt)*shr_mat(ms)*shr_o(mat)


Equation 74
-----------
Domain: c27,ind,mat,ms,time,tt
Count: 72 (13322 to 13393)

   io(c27)
   =shr_tt(c27)*shr_ms(tt)*shr_mat(ms)*shr_o(mat)


Equation 75
-----------
Domain: bl,c08,ind,mat,ms,sv,time
Count: 72 (13394 to 13465)

   io(c08)
   =shr_bl(c08)*shr_sv(bl)*shr_ms(sv)*shr_mat(ms)
   *shr_o(mat)


Equation 76
-----------
Domain: bl,c09,ind,mat,ms,sv,time
Count: 72 (13466 to 13537)

   io(c09)
   =shr_bl(c09)*shr_sv(bl)*shr_ms(sv)*shr_mat(ms)
   *shr_o(mat)


Equation 77
-----------
Domain: bl,c31,ind,mat,ms,sv,time
Count: 72 (13538 to 13609)

   io(c31)
   =shr_bl(c31)*shr_sv(bl)*shr_ms(sv)*shr_mat(ms)
   *shr_o(mat)


Equation 78
-----------
Domain: c28,ind,mat,ms,ob,sv,time
Count: 72 (13610 to 13681)

   io(c28)
   =shr_ob(c28)*shr_sv(ob)*shr_ms(sv)*shr_mat(ms)
   *shr_o(mat)


Equation 79
-----------
Domain: c29,ind,mat,ms,ob,sv,time
Count: 72 (13682 to 13753)

   io(c29)
   =shr_ob(c29)*shr_sv(ob)*shr_ms(sv)*shr_mat(ms)
   *shr_o(mat)


Equation 80
-----------
Domain: c30,ind,mat,ms,ob,sv,time
Count: 72 (13754 to 13825)

   io(c30)
   =shr_ob(c30)*shr_sv(ob)*shr_ms(sv)*shr_mat(ms)
   *shr_o(mat)


Equation 81
-----------
Domain: c33,ind,mat,ms,os,sv,time
Count: 72 (13826 to 13897)

   io(c33)
   =shr_os(c33)*shr_sv(os)*shr_ms(sv)*shr_mat(ms)
   *shr_o(mat)


Equation 82
-----------
Domain: c34,ind,mat,ms,os,sv,time
Count: 72 (13898 to 13969)

   io(c34)
   =shr_os(c34)*shr_sv(os)*shr_ms(sv)*shr_mat(ms)
   *shr_o(mat)


Equation 83
-----------
Domain: c35,ind,mat,ms,os,sv,time
Count: 72 (13970 to 14041)

   io(c35)
   =shr_os(c35)*shr_sv(os)*shr_ms(sv)*shr_mat(ms)
   *shr_o(mat)


Equation 84
-----------
Domain: c36,ind,mat,ms,os,sv,time
Count: 72 (14042 to 14113)

   io(c36)
   =shr_os(c36)*shr_sv(os)*shr_ms(sv)*shr_mat(ms)
   *shr_o(mat)


Equation 85
-----------
Domain: con,kap,time
Count: 2 (14114 to 14115)

   pb(kap,con)=pk_service*pk_scale(con)*(1+tax_cap_hh)


Equation 86
-----------
Domain: time
Count: 2 (14116 to 14117)

   tax_con_tot_com=tax_con+tax_con_good


Equation 87
-----------
Domain: time
Count: 2 (14118 to 14119)

   tax_con_tot_kap=tax_con+tax_con_kap


Equation 88
-----------
Domain: com,con,time
Count: 72 (14120 to 14191)

   p_con(com)=pb(com,con)*(1+tax_con_tot_com)


Equation 89
-----------
Domain: con,kap,time
Count: 2 (14192 to 14193)

   p_con(kap)=pb(kap,con)*(1+tax_con_tot_kap)


Equation 90
-----------
Domain: nipa,time
Count: 72 (14194 to 14265)

   pcon(nipa)=sum(ncom_k,p_con*io_nipa)


Equation 91
-----------
Domain: time
Count: 2 (14266 to 14267)

   p_leisure=p_hours*pj_scale


Equation 92
-----------
Domain: r,time
Count: 2 (14268 to 14269)

   pcon(r)=p_leisure


Equation 93
-----------
Domain: s_cmm,time
Count: 4 (14270 to 14273)

   shr_cmm
   =ah_cmm+kalh_cmm+sum(p_cmm,bh_cmm*log(pcon(p_cmm)))


Equation 94
-----------
Domain: cmm,time
Count: 2 (14274 to 14275)

   log(pcon(cmm))
   =sum(s_cmm,(ah_cmm+kalh_cmm)*log(pcon(s_cmm)))
   +0.5
   *sum(p_cmm,sum(s_cmm,log(pcon(s_cmm))*bh_cmm*log(pcon(p_cmm))))


Equation 95
-----------
Domain: s_hps,time
Count: 6 (14276 to 14281)

   shr_hps
   =ah_hps+kalh_hps+sum(p_hps,bh_hps*log(pcon(p_hps)))


Equation 96
-----------
Domain: hps,time
Count: 2 (14282 to 14283)

   log(pcon(hps))
   =sum(s_hps,(ah_hps+kalh_hps)*log(pcon(s_hps)))
   +0.5
   *sum(p_hps,sum(s_hps,log(pcon(s_hps))*bh_hps*log(pcon(p_hps))))


Equation 97
-----------
Domain: s_ens,time
Count: 4 (14284 to 14287)

   shr_ens
   =ah_ens+kalh_ens+sum(p_ens,bh_ens*log(pcon(p_ens)))


Equation 98
-----------
Domain: ens,time
Count: 2 (14288 to 14289)

   log(pcon(ens))
   =sum(s_ens,(ah_ens+kalh_ens)*log(pcon(s_ens)))
   +0.5
   *sum(p_ens,sum(s_ens,log(pcon(s_ens))*bh_ens*log(pcon(p_ens))))


Equation 99
-----------
Domain: s_trv,time
Count: 4 (14290 to 14293)

   shr_trv
   =ah_trv+kalh_trv+sum(p_trv,bh_trv*log(pcon(p_trv)))


Equation 100
------------
Domain: time,trv
Count: 2 (14294 to 14295)

   log(pcon(trv))
   =sum(s_trv,(ah_trv+kalh_trv)*log(pcon(s_trv)))
   +0.5
   *sum(p_trv,sum(s_trv,log(pcon(s_trv))*bh_trv*log(pcon(p_trv))))


Equation 101
------------
Domain: s_rcs,time
Count: 6 (14296 to 14301)

   shr_rcs
   =ah_rcs+kalh_rcs+sum(p_rcs,bh_rcs*log(pcon(p_rcs)))


Equation 102
------------
Domain: rcs,time
Count: 2 (14302 to 14303)

   log(pcon(rcs))
   =sum(s_rcs,(ah_rcs+kalh_rcs)*log(pcon(s_rcs)))
   +0.5
   *sum(p_rcs,sum(s_rcs,log(pcon(s_rcs))*bh_rcs*log(pcon(p_rcs))))


Equation 103
------------
Domain: s_edn,time
Count: 4 (14304 to 14307)

   shr_edn
   =ah_edn+kalh_edn+sum(p_edn,bh_edn*log(pcon(p_edn)))


Equation 104
------------
Domain: edn,time
Count: 2 (14308 to 14309)

   log(pcon(edn))
   =sum(s_edn,(ah_edn+kalh_edn)*log(pcon(s_edn)))
   +0.5
   *sum(p_edn,sum(s_edn,log(pcon(s_edn))*bh_edn*log(pcon(p_edn))))


Equation 105
------------
Domain: s_hpg,time
Count: 4 (14310 to 14313)

   shr_hpg
   =ah_hpg+kalh_hpg+sum(p_hpg,bh_hpg*log(pcon(p_hpg)))


Equation 106
------------
Domain: hpg,time
Count: 2 (14314 to 14315)

   log(pcon(hpg))
   =sum(s_hpg,(ah_hpg+kalh_hpg)*log(pcon(s_hpg)))
   +0.5
   *sum(p_hpg,sum(s_hpg,log(pcon(s_hpg))*bh_hpg*log(pcon(p_hpg))))


Equation 107
------------
Domain: s_fb,time
Count: 6 (14316 to 14321)

   shr_fb
   =ah_fb+kalh_fb+sum(p_fb,bh_fb*log(pcon(p_fb)))


Equation 108
------------
Domain: fb,time
Count: 2 (14322 to 14323)

   log(pcon(fb))
   =sum(s_fb,(ah_fb+kalh_fb)*log(pcon(s_fb)))
   +0.5
   *sum(p_fb,sum(s_fb,log(pcon(s_fb))*bh_fb*log(pcon(p_fb))))


Equation 109
------------
Domain: s_md,time
Count: 4 (14324 to 14327)

   shr_md
   =ah_md+kalh_md+sum(p_md,bh_md*log(pcon(p_md)))


Equation 110
------------
Domain: md,time
Count: 2 (14328 to 14329)

   log(pcon(md))
   =sum(s_md,(ah_md+kalh_md)*log(pcon(s_md)))
   +0.5
   *sum(p_md,sum(s_md,log(pcon(s_md))*bh_md*log(pcon(p_md))))


Equation 111
------------
Domain: s_en,time
Count: 4 (14330 to 14333)

   shr_en
   =ah_en+kalh_en+sum(p_en,bh_en*log(pcon(p_en)))


Equation 112
------------
Domain: en,time
Count: 2 (14334 to 14335)

   log(pcon(en))
   =sum(s_en,(ah_en+kalh_en)*log(pcon(s_en)))
   +0.5
   *sum(p_en,sum(s_en,log(pcon(s_en))*bh_en*log(pcon(p_en))))


Equation 113
------------
Domain: s_ks,time
Count: 4 (14336 to 14339)

   shr_ks
   =ah_ks+kalh_ks+sum(p_ks,bh_ks*log(pcon(p_ks)))


Equation 114
------------
Domain: ks,time
Count: 2 (14340 to 14341)

   log(pcon(ks))
   =sum(s_ks,(ah_ks+kalh_ks)*log(pcon(s_ks)))
   +0.5
   *sum(p_ks,sum(s_ks,log(pcon(s_ks))*bh_ks*log(pcon(p_ks))))


Equation 115
------------
Domain: s_trc,time
Count: 8 (14342 to 14349)

   shr_trc
   =ah_trc+kalh_trc+sum(p_trc,bh_trc*log(pcon(p_trc)))


Equation 116
------------
Domain: time,trc
Count: 2 (14350 to 14351)

   log(pcon(trc))
   =sum(s_trc,(ah_trc+kalh_trc)*log(pcon(s_trc)))
   +0.5
   *sum(p_trc,sum(s_trc,log(pcon(s_trc))*bh_trc*log(pcon(p_trc))))


Equation 117
------------
Domain: s_ups,time
Count: 6 (14352 to 14357)

   shr_ups
   =ah_ups+kalh_ups+sum(p_ups,bh_ups*log(pcon(p_ups)))


Equation 118
------------
Domain: time,ups
Count: 2 (14358 to 14359)

   log(pcon(ups))
   =sum(s_ups,(ah_ups+kalh_ups)*log(pcon(s_ups)))
   +0.5
   *sum(p_ups,sum(s_ups,log(pcon(s_ups))*bh_ups*log(pcon(p_ups))))


Equation 119
------------
Domain: s_rc,time
Count: 6 (14360 to 14365)

   shr_rc
   =ah_rc+kalh_rc+sum(p_rc,bh_rc*log(pcon(p_rc)))


Equation 120
------------
Domain: rc,time
Count: 2 (14366 to 14367)

   log(pcon(rc))
   =sum(s_rc,(ah_rc+kalh_rc)*log(pcon(s_rc)))
   +0.5
   *sum(p_rc,sum(s_rc,log(pcon(s_rc))*bh_rc*log(pcon(p_rc))))


Equation 121
------------
Domain: s_ho,time
Count: 8 (14368 to 14375)

   shr_ho
   =ah_ho+kalh_ho+sum(p_ho,bh_ho*log(pcon(p_ho)))


Equation 122
------------
Domain: ho,time
Count: 2 (14376 to 14377)

   log(pcon(ho))
   =sum(s_ho,(ah_ho+kalh_ho)*log(pcon(s_ho)))
   +0.5
   *sum(p_ho,sum(s_ho,log(pcon(s_ho))*bh_ho*log(pcon(p_ho))))


Equation 123
------------
Domain: s_cg,time
Count: 8 (14378 to 14385)

   shr_cg
   =ah_cg+kalh_cg+sum(p_cg,bh_cg*log(pcon(p_cg)))


Equation 124
------------
Domain: cg,time
Count: 2 (14386 to 14387)

   log(pcon(cg))
   =sum(s_cg,(ah_cg+kalh_cg)*log(pcon(s_cg)))
   +0.5
   *sum(p_cg,sum(s_cg,log(pcon(s_cg))*bh_cg*log(pcon(p_cg))))


Equation 125
------------
Domain: s_cs,time
Count: 8 (14388 to 14395)

   shr_cs
   =ah_cs+kalh_cs+sum(p_cs,bh_cs*log(pcon(p_cs)))


Equation 126
------------
Domain: cs,time
Count: 2 (14396 to 14397)

   log(pcon(cs))
   =sum(s_cs,(ah_cs+kalh_cs)*log(pcon(s_cs)))
   +0.5
   *sum(p_cs,sum(s_cs,log(pcon(s_cs))*bh_cs*log(pcon(p_cs))))


Equation 127
------------
Domain: s_nd,time
Count: 8 (14398 to 14405)

   shr_nd
   =ah_nd+kalh_nd+sum(p_nd,bh_nd*log(pcon(p_nd)))


Equation 128
------------
Domain: nd,time
Count: 2 (14406 to 14407)

   log(pcon(nd))
   =sum(s_nd,(ah_nd+kalh_nd)*log(pcon(s_nd)))
   +0.5
   *sum(p_nd,sum(s_nd,log(pcon(s_nd))*bh_nd*log(pcon(p_nd))))


Equation 129
------------
Domain: s_f,time
Count: 8 (14408 to 14415)

   ab_shr_f=ah_f+sum(p_f,bh_f*log(pcon(p_f)))


Equation 130
------------
Domain: time
Count: 2 (14416 to 14417)

   denom
   =(-1)+denom_rebase+sum(p_f,sum(s_f,bh_f*log(pcon(p_f))))


Equation 131
------------
Domain: s_f,time
Count: 8 (14418 to 14425)

   cex_shr_f
   =(ab_shr_f-bhm_f*(log(full_con)+income_dist)
   +sum(nattr,bha_f*income_share(nattr)))
   /denom


Equation 132
------------
Domain: s_f,time
Count: 8 (14426 to 14433)

   shr_f=cex_shr_f+dv_hh


Equation 133
------------
Domain: time
Count: 2 (14434 to 14435)

   p_fc
   =
   exp(sum(s_f,(ah_f-sum(p_f,bh_f*log(pfc_m0)))*log(pcon(s_f)))
   +(0.5
   *sum(p_f,sum(s_f,log(pcon(s_f))*bh_f*log(pcon(p_f)))))
   /denom)
   /p_fc_scale


Equation 134
------------
Domain: r,time
Count: 2 (14436 to 14437)

   leisure=(shr_f(r)*full_con)/p_leisure


Equation 135
------------
Domain: r,time
Count: 2 (14438 to 14439)

   cshare=1-shr_f(r)


Equation 136
------------
Domain: time
Count: 2 (14440 to 14441)

   con_expend=cshare*full_con


Equation 137
------------
Domain: n01,nd,time
Count: 2 (14442 to 14443)

   con_share(n01)=(shr_nd(n01)*shr_f(nd))/cshare


Equation 138
------------
Domain: cg,n02,nd,time
Count: 2 (14444 to 14445)

   con_share(n02)
   =(shr_cg(n02)*shr_nd(cg)*shr_f(nd))/cshare


Equation 139
------------
Domain: en,n03,nd,time
Count: 2 (14446 to 14447)

   con_share(n03)
   =(shr_en(n03)*shr_nd(en)*shr_f(nd))/cshare


Equation 140
------------
Domain: en,n04,nd,time
Count: 2 (14448 to 14449)

   con_share(n04)
   =(shr_en(n04)*shr_nd(en)*shr_f(nd))/cshare


Equation 141
------------
Domain: n05,nd,time
Count: 2 (14450 to 14451)

   con_share(n05)=(shr_nd(n05)*shr_f(nd))/cshare


Equation 142
------------
Domain: cg,n06,nd,time
Count: 2 (14452 to 14453)

   con_share(n06)
   =(shr_cg(n06)*shr_nd(cg)*shr_f(nd))/cshare


Equation 143
------------
Domain: cg,hpg,n07,nd,time
Count: 2 (14454 to 14455)

   con_share(n07)
   =(shr_hpg(n07)*shr_cg(hpg)*shr_nd(cg)*shr_f(nd))
   /cshare


Equation 144
------------
Domain: cg,hpg,n08,nd,time
Count: 2 (14456 to 14457)

   con_share(n08)
   =(shr_hpg(n08)*shr_cg(hpg)*shr_nd(cg)*shr_f(nd))
   /cshare


Equation 145
------------
Domain: cg,n09,nd,time
Count: 2 (14458 to 14459)

   con_share(n09)
   =(shr_cg(n09)*shr_nd(cg)*shr_f(nd))/cshare


Equation 146
------------
Domain: ks,n10,time
Count: 2 (14460 to 14461)

   con_share(n10)=(shr_ks(n10)*shr_f(ks))/cshare


Equation 147
------------
Domain: ks,n36,time
Count: 2 (14462 to 14463)

   con_share(n36)=(shr_ks(n36)*shr_f(ks))/cshare


Equation 148
------------
Domain: cs,ho,n11,time,ups
Count: 2 (14464 to 14465)

   con_share(n11)
   =(shr_ups(n11)*shr_ho(ups)*shr_cs(ho)*shr_f(cs))
   /cshare


Equation 149
------------
Domain: cs,ens,ho,n12,time,ups
Count: 2 (14466 to 14467)

   con_share(n12)
   =(shr_ens(n12)*shr_ups(ens)*shr_ho(ups)*shr_cs(ho)
   *shr_f(cs))
   /cshare


Equation 150
------------
Domain: cs,ens,ho,n13,time,ups
Count: 2 (14468 to 14469)

   con_share(n13)
   =(shr_ens(n13)*shr_ups(ens)*shr_ho(ups)*shr_cs(ho)
   *shr_f(cs))
   /cshare


Equation 151
------------
Domain: cs,md,n14,time
Count: 2 (14470 to 14471)

   con_share(n14)
   =(shr_md(n14)^shr_cs(md)*shr_f(cs))/cshare


Equation 152
------------
Domain: cs,md,n24,time
Count: 2 (14472 to 14473)

   con_share(n24)
   =(shr_md(n24)^shr_cs(md)*shr_f(cs))/cshare


Equation 153
------------
Domain: cs,ho,n15,time,trc
Count: 2 (14474 to 14475)

   con_share(n15)
   =(shr_trc(n15)*shr_ho(trc)*shr_cs(ho)*shr_f(cs))
   /cshare


Equation 154
------------
Domain: cs,ho,n16,time,trc
Count: 2 (14476 to 14477)

   con_share(n16)
   =(shr_trc(n16)*shr_ho(trc)*shr_cs(ho)*shr_f(cs))
   /cshare


Equation 155
------------
Domain: cs,ho,n25,time,trc
Count: 2 (14478 to 14479)

   con_share(n25)
   =(shr_trc(n25)*shr_ho(trc)*shr_cs(ho)*shr_f(cs))
   /cshare


Equation 156
------------
Domain: cmm,cs,ho,n26,time,trc
Count: 2 (14480 to 14481)

   con_share(n26)
   =(shr_cmm(n26)*shr_trc(cmm)*shr_ho(trc)*shr_cs(ho)
   *shr_f(cs))
   /cshare


Equation 157
------------
Domain: cmm,cs,ho,n27,time,trc
Count: 2 (14482 to 14483)

   con_share(n27)
   =(shr_cmm(n27)*shr_trc(cmm)*shr_ho(trc)*shr_cs(ho)
   *shr_f(cs))
   /cshare


Equation 158
------------
Domain: cs,n17,rc,rcs,time
Count: 2 (14484 to 14485)

   con_share(n17)
   =(shr_rcs(n17)*shr_rc(rcs)*shr_cs(rc)*shr_f(cs))
   /cshare


Equation 159
------------
Domain: cs,n18,rc,rcs,time
Count: 2 (14486 to 14487)

   con_share(n18)
   =(shr_rcs(n18)*shr_rc(rcs)*shr_cs(rc)*shr_f(cs))
   /cshare


Equation 160
------------
Domain: cs,n19,rc,rcs,time
Count: 2 (14488 to 14489)

   con_share(n19)
   =(shr_rcs(n19)*shr_rc(rcs)*shr_cs(rc)*shr_f(cs))
   /cshare


Equation 161
------------
Domain: cs,n20,rc,time
Count: 2 (14490 to 14491)

   con_share(n20)
   =(shr_rc(n20)*shr_cs(rc)*shr_f(cs))/cshare


Equation 162
------------
Domain: cs,n21,rc,time,trv
Count: 2 (14492 to 14493)

   con_share(n21)
   =(shr_trv(n21)*shr_rc(trv)*shr_cs(rc)*shr_f(cs))
   /cshare


Equation 163
------------
Domain: cs,n33,rc,time,trv
Count: 2 (14494 to 14495)

   con_share(n33)
   =(shr_trv(n33)*shr_rc(trv)*shr_cs(rc)*shr_f(cs))
   /cshare


Equation 164
------------
Domain: cs,fb,n22,time
Count: 2 (14496 to 14497)

   con_share(n22)
   =(shr_fb(n22)*shr_cs(fb)*shr_f(cs))/cshare


Equation 165
------------
Domain: cs,fb,n23,time
Count: 2 (14498 to 14499)

   con_share(n23)
   =(shr_fb(n23)*shr_cs(fb)*shr_f(cs))/cshare


Equation 166
------------
Domain: cs,fb,n29,time
Count: 2 (14500 to 14501)

   con_share(n29)
   =(shr_fb(n29)*shr_cs(fb)*shr_f(cs))/cshare


Equation 167
------------
Domain: cs,edn,ho,n28,time
Count: 2 (14502 to 14503)

   con_share(n28)
   =(shr_edn(n28)*shr_ho(edn)*shr_cs(ho)*shr_f(cs))
   /cshare


Equation 168
------------
Domain: cs,edn,ho,n34,time
Count: 2 (14504 to 14505)

   con_share(n34)
   =(shr_edn(n34)*shr_ho(edn)*shr_cs(ho)*shr_f(cs))
   /cshare


Equation 169
------------
Domain: cs,ho,hps,n30,time,ups
Count: 2 (14506 to 14507)

   con_share(n30)
   =(shr_hps(n30)*shr_ups(hps)*shr_ho(ups)*shr_cs(ho)
   *shr_f(cs))
   /cshare


Equation 170
------------
Domain: cs,ho,hps,n31,time,ups
Count: 2 (14508 to 14509)

   con_share(n31)
   =(shr_hps(n31)*shr_ups(hps)*shr_ho(ups)*shr_cs(ho)
   *shr_f(cs))
   /cshare


Equation 171
------------
Domain: cs,ho,hps,n32,time,ups
Count: 2 (14510 to 14511)

   con_share(n32)
   =(shr_hps(n32)*shr_ups(hps)*shr_ho(ups)*shr_cs(ho)
   *shr_f(cs))
   /cshare


Equation 172
------------
Domain: cs,ho,n35,time
Count: 2 (14512 to 14513)

   con_share(n35)
   =(shr_ho(n35)*shr_cs(ho)*shr_f(cs))/cshare


Equation 173
------------
Domain: ncom_k,time
Count: 74 (14514 to 14587)

   con_shk_val=con_shk_qty*p_con


Equation 174
------------
Domain: time
Count: 2 (14588 to 14589)

   con_shk_expend=sum(ncom_k,con_shk_val)


Equation 175
------------
Domain: time
Count: 2 (14590 to 14591)

   con_expend_net=con_expend-con_shk_expend


Equation 176
------------
Domain: com,time
Count: 72 (14592 to 14663)

   con(com)
   =(sum(nipa,io_nipa(com,nipa)*con_share(nipa)*con_expend_net)
   +con_shk_val(com))
   /(1+tax_con_tot_com)


Equation 177
------------
Domain: kap,time
Count: 2 (14664 to 14665)

   con(kap)
   =sum(nipa,io_nipa(kap,nipa)*con_share(nipa)*con_expend_net)
   +con_shk_val(kap)


Equation 178
------------
Domain: time
Count: 2 (14666 to 14667)

   rev_con=sum(com,tax_con_tot_com*con)


Equations: 178
Variables, Used: 133
Variables, Unused: 3
Parameters: 100
